{"C:\\Users\\jgb_3\\OneDrive\\Escritorio\\CodeFactoryFrontTesting\\src\\emailReg.jsx": {"path":"C:\\Users\\jgb_3\\OneDrive\\Escritorio\\CodeFactoryFrontTesting\\src\\emailReg.jsx","statementMap":{"0":{"start":{"line":2,"column":19},"end":{"line":2,"column":73}},"1":{"start":{"line":4,"column":4},"end":{"line":4,"column":41}},"2":{"start":{"line":4,"column":29},"end":{"line":4,"column":41}},"3":{"start":{"line":5,"column":4},"end":{"line":5,"column":17}},"4":{"start":{"line":9,"column":2},"end":{"line":9,"column":32}}},"fnMap":{"0":{"name":"isEmailRegex","decl":{"start":{"line":3,"column":11},"end":{"line":3,"column":23}},"loc":{"start":{"line":3,"column":30},"end":{"line":6,"column":3}},"line":3}},"branchMap":{"0":{"loc":{"start":{"line":4,"column":4},"end":{"line":4,"column":41}},"type":"if","locations":[{"start":{"line":4,"column":4},"end":{"line":4,"column":41}},{"start":{},"end":{}}],"line":4}},"s":{"0":1,"1":5,"2":1,"3":4,"4":1},"f":{"0":5},"b":{"0":[1,4]},"_coverageSchema":"1a1c01bbd47fc00a2c39e90264f33305004495a9","hash":"b5d39a5636e3c3097b1bda1a1c2e4565296749de"}
,"C:\\Users\\jgb_3\\OneDrive\\Escritorio\\CodeFactoryFrontTesting\\src\\pass.jsx": {"path":"C:\\Users\\jgb_3\\OneDrive\\Escritorio\\CodeFactoryFrontTesting\\src\\pass.jsx","statementMap":{"0":{"start":{"line":1,"column":16},"end":{"line":3,"column":1}},"1":{"start":{"line":4,"column":20},"end":{"line":7,"column":1}},"2":{"start":{"line":5,"column":2},"end":{"line":5,"column":42}},"3":{"start":{"line":5,"column":30},"end":{"line":5,"column":42}},"4":{"start":{"line":6,"column":2},"end":{"line":6,"column":15}},"5":{"start":{"line":9,"column":0},"end":{"line":9,"column":29}}},"fnMap":{"0":{"name":"(anonymous_0)","decl":{"start":{"line":4,"column":20},"end":{"line":4,"column":21}},"loc":{"start":{"line":4,"column":34},"end":{"line":7,"column":1}},"line":4}},"branchMap":{"0":{"loc":{"start":{"line":5,"column":2},"end":{"line":5,"column":42}},"type":"if","locations":[{"start":{"line":5,"column":2},"end":{"line":5,"column":42}},{"start":{},"end":{}}],"line":5}},"s":{"0":1,"1":1,"2":2,"3":1,"4":1,"5":1},"f":{"0":2},"b":{"0":[1,1]},"_coverageSchema":"1a1c01bbd47fc00a2c39e90264f33305004495a9","hash":"0f258a3ee1631f6997ce54c4d4d7090d8a66cada"}
}
