{"E:\\Repos\\CodeFactoryFrontTesting\\src\\test\\login.js": {"path":"E:\\Repos\\CodeFactoryFrontTesting\\src\\test\\login.js","statementMap":{"0":{"start":{"line":1,"column":14},"end":{"line":1,"column":121}},"1":{"start":{"line":1,"column":26},"end":{"line":1,"column":119}},"2":{"start":{"line":1,"column":86},"end":{"line":1,"column":98}},"3":{"start":{"line":1,"column":106},"end":{"line":1,"column":119}},"4":{"start":{"line":2,"column":0},"end":{"line":2,"column":23}}},"fnMap":{"0":{"name":"(anonymous_0)","decl":{"start":{"line":1,"column":14},"end":{"line":1,"column":15}},"loc":{"start":{"line":1,"column":25},"end":{"line":1,"column":121}},"line":1}},"branchMap":{"0":{"loc":{"start":{"line":1,"column":26},"end":{"line":1,"column":119}},"type":"if","locations":[{"start":{"line":1,"column":26},"end":{"line":1,"column":119}},{"start":{"line":1,"column":106},"end":{"line":1,"column":119}}],"line":1}},"s":{"0":1,"1":4,"2":1,"3":3,"4":1},"f":{"0":4},"b":{"0":[1,3]},"_coverageSchema":"1a1c01bbd47fc00a2c39e90264f33305004495a9","hash":"b9257fc862e3edb01c0a746cc8cde381d1d065d6"}
}
